
Showing logs for build [32mfaheemjmi-environment-demoeks-s-hqwq2-1[0m stage [32mfrom-build-pack[0m and container [32mstep-credential-initializer-wth56[0m
{"level":"info","ts":1591096033.2036908,"logger":"fallback-logger","caller":"logging/config.go:69","msg":"Fetch GitHub commit ID from kodata failed: open /var/run/ko/refs/heads/0.8.0-ns-support: no such file or directory"}
{"level":"info","ts":1591096033.2053506,"logger":"fallback-logger","caller":"creds-init/main.go:40","msg":"Credentials initialized."}

Showing logs for build [32mfaheemjmi-environment-demoeks-s-hqwq2-1[0m stage [32mfrom-build-pack[0m and container [32mstep-working-dir-initializer-bdndt[0m
{"level":"info","ts":1591096034.7133214,"logger":"fallback-logger","caller":"logging/config.go:69","msg":"Fetch GitHub commit ID from kodata failed: open /var/run/ko/HEAD: no such file or directory"}
{"level":"info","ts":1591096034.7144895,"logger":"fallback-logger","caller":"bash/main.go:64","msg":"Successfully executed command \"sh -c mkdir -p /workspace/source\"; output "}

Showing logs for build [32mfaheemjmi-environment-demoeks-s-hqwq2-1[0m stage [32mfrom-build-pack[0m and container [32mstep-place-tools[0m

Showing logs for build [32mfaheemjmi-environment-demoeks-s-hqwq2-1[0m stage [32mfrom-build-pack[0m and container [32mstep-git-source-faheemjmi-environment-demoeks-s-hqwq2-xfclz[0m
{"level":"info","ts":1591096039.9359884,"logger":"fallback-logger","caller":"logging/config.go:69","msg":"Fetch GitHub commit ID from kodata failed: open /var/run/ko/refs/heads/0.8.0-ns-support: no such file or directory"}
{"level":"info","ts":1591096040.4387727,"logger":"fallback-logger","caller":"git/git.go:103","msg":"Successfully cloned https://github.com/*********/environment-demoeks-staging.git @ master in path /workspace/source"}

Showing logs for build [32mfaheemjmi-environment-demoeks-s-hqwq2-1[0m stage [32mfrom-build-pack[0m and container [32mstep-git-merge[0m
Using SHAs from PULL_REFS=master:fd9e1eca8c9031b022d532187592f88c6c1e2bcd,8:ca48dabfae56e3e21a3584d812ba8fd51c681013
DEBUG: LC_ALL=C JX_LOG_LEVEL=error git fetch origin --unshallow ca48dabfae56e3e21a3584d812ba8fd51c681013: fd9e1eca8c9031b022d532187592f88c6c1e2bcd:
DEBUG: ran git fetch --unshallow origin ca48dabfae56e3e21a3584d812ba8fd51c681013: fd9e1eca8c9031b022d532187592f88c6c1e2bcd: in 
DEBUG: LC_ALL=C JX_LOG_LEVEL=error git branch
DEBUG: LC_ALL=C JX_LOG_LEVEL=error git checkout master
DEBUG: ran git checkout master in 
DEBUG: LC_ALL=C JX_LOG_LEVEL=error git reset --hard fd9e1eca8c9031b022d532187592f88c6c1e2bcd
DEBUG: ran git reset --hard fd9e1eca8c9031b022d532187592f88c6c1e2bcd in 
DEBUG: LC_ALL=C JX_LOG_LEVEL=error git clean -fd .
DEBUG: ran clean --force -d . in 
DEBUG: LC_ALL=C JX_LOG_LEVEL=error git merge ca48dabfae56e3e21a3584d812ba8fd51c681013
DEBUG: ran git merge ca48dabfae56e3e21a3584d812ba8fd51c681013 in 
DEBUG: LC_ALL=C JX_LOG_LEVEL=error git log --format=%H%x1f%an%x1f%ae%x1f%cn%x1f%ce%x1f%s%n%b%x1e fd9e1eca8c9031b022d532187592f88c6c1e2bcd..HEAD
Merged SHA ca48dabfae56e3e21a3584d812ba8fd51c681013 with commit message 'chore: Promote test to version 0.0.1' into base branch master

Showing logs for build [32mfaheemjmi-environment-demoeks-s-hqwq2-1[0m stage [32mfrom-build-pack[0m and container [32mstep-build-helm-build[0m
WARNING: No $CHART_REPOSITORY defined so using the default value of: http://jenkins-x-chartmuseum:8080
Adding missing Helm repo: storage.googleapis.com https://storage.googleapis.com/chartmuseum.jenkins-x.io
Successfully added Helm repository storage.googleapis.com.
Adding missing Helm repo: jenkins-x-chartmuseum http://jenkins-x-chartmuseum:8080
Successfully added Helm repository jenkins-x-chartmuseum.
WARNING: No $CHART_REPOSITORY defined so using the default value of: http://jenkins-x-chartmuseum:8080
Adding missing Helm repo: chartmuseum.jenkins-x.io http://chartmuseum.jenkins-x.io
Successfully added Helm repository chartmuseum.jenkins-x.io.
