
Showing logs for build [32mfaheemjmi-environment-demoeks-s-cbb9r-1[0m stage [32mfrom-build-pack[0m and container [32mstep-credential-initializer-d4rng[0m
{"level":"info","ts":1591096376.710857,"logger":"fallback-logger","caller":"logging/config.go:69","msg":"Fetch GitHub commit ID from kodata failed: open /var/run/ko/refs/heads/0.8.0-ns-support: no such file or directory"}
{"level":"info","ts":1591096376.711169,"logger":"fallback-logger","caller":"creds-init/main.go:40","msg":"Credentials initialized."}

Showing logs for build [32mfaheemjmi-environment-demoeks-s-cbb9r-1[0m stage [32mfrom-build-pack[0m and container [32mstep-working-dir-initializer-tksft[0m
{"level":"info","ts":1591096377.1841447,"logger":"fallback-logger","caller":"logging/config.go:69","msg":"Fetch GitHub commit ID from kodata failed: open /var/run/ko/HEAD: no such file or directory"}
{"level":"info","ts":1591096377.1860492,"logger":"fallback-logger","caller":"bash/main.go:64","msg":"Successfully executed command \"sh -c mkdir -p /workspace/source\"; output "}

Showing logs for build [32mfaheemjmi-environment-demoeks-s-cbb9r-1[0m stage [32mfrom-build-pack[0m and container [32mstep-place-tools[0m

Showing logs for build [32mfaheemjmi-environment-demoeks-s-cbb9r-1[0m stage [32mfrom-build-pack[0m and container [32mstep-git-source-faheemjmi-environment-demoeks-s-cbb9r-gj9wd[0m
{"level":"info","ts":1591096380.2698116,"logger":"fallback-logger","caller":"logging/config.go:69","msg":"Fetch GitHub commit ID from kodata failed: open /var/run/ko/refs/heads/0.8.0-ns-support: no such file or directory"}
{"level":"info","ts":1591096380.7506971,"logger":"fallback-logger","caller":"git/git.go:103","msg":"Successfully cloned https://github.com/*********/environment-demoeks-staging.git @ master in path /workspace/source"}

Showing logs for build [32mfaheemjmi-environment-demoeks-s-cbb9r-1[0m stage [32mfrom-build-pack[0m and container [32mstep-git-merge[0m
Using SHAs from PULL_REFS=master:0566fc6f10db3ab431aa392003d7b7b202b1b68a,9:601f8bc9f69f97f03144d5bbdb66afacad900305
DEBUG: LC_ALL=C JX_LOG_LEVEL=error git fetch origin --unshallow 601f8bc9f69f97f03144d5bbdb66afacad900305: 0566fc6f10db3ab431aa392003d7b7b202b1b68a:
DEBUG: ran git fetch --unshallow origin 601f8bc9f69f97f03144d5bbdb66afacad900305: 0566fc6f10db3ab431aa392003d7b7b202b1b68a: in 
DEBUG: LC_ALL=C JX_LOG_LEVEL=error git branch
DEBUG: LC_ALL=C JX_LOG_LEVEL=error git checkout master
DEBUG: ran git checkout master in 
DEBUG: LC_ALL=C JX_LOG_LEVEL=error git reset --hard 0566fc6f10db3ab431aa392003d7b7b202b1b68a
DEBUG: ran git reset --hard 0566fc6f10db3ab431aa392003d7b7b202b1b68a in 
DEBUG: JX_LOG_LEVEL=error LC_ALL=C git clean -fd .
DEBUG: ran clean --force -d . in 
DEBUG: LC_ALL=C JX_LOG_LEVEL=error git merge 601f8bc9f69f97f03144d5bbdb66afacad900305
DEBUG: ran git merge 601f8bc9f69f97f03144d5bbdb66afacad900305 in 
DEBUG: LC_ALL=C JX_LOG_LEVEL=error git log --format=%H%x1f%an%x1f%ae%x1f%cn%x1f%ce%x1f%s%n%b%x1e 0566fc6f10db3ab431aa392003d7b7b202b1b68a..HEAD
Merged SHA 601f8bc9f69f97f03144d5bbdb66afacad900305 with commit message 'The command `** delete application` was run by root and it generated this Pull Request' into base branch master

Showing logs for build [32mfaheemjmi-environment-demoeks-s-cbb9r-1[0m stage [32mfrom-build-pack[0m and container [32mstep-build-helm-build[0m
WARNING: No $CHART_REPOSITORY defined so using the default value of: http://jenkins-x-chartmuseum:8080
Adding missing Helm repo: storage.googleapis.com https://storage.googleapis.com/chartmuseum.jenkins-x.io
Successfully added Helm repository storage.googleapis.com.
Adding missing Helm repo: jenkins-x-chartmuseum http://jenkins-x-chartmuseum:8080
Successfully added Helm repository jenkins-x-chartmuseum.
WARNING: No $CHART_REPOSITORY defined so using the default value of: http://jenkins-x-chartmuseum:8080
Adding missing Helm repo: chartmuseum.jenkins-x.io http://chartmuseum.jenkins-x.io
Successfully added Helm repository chartmuseum.jenkins-x.io.
