
Showing logs for build [32mfaheemjmi-environment-demoeks-s-thtk2-1[0m stage [32mfrom-build-pack[0m and container [32mstep-credential-initializer-h8czs[0m
{"level":"info","ts":1591098648.7298841,"logger":"fallback-logger","caller":"logging/config.go:69","msg":"Fetch GitHub commit ID from kodata failed: open /var/run/ko/refs/heads/0.8.0-ns-support: no such file or directory"}
{"level":"info","ts":1591098648.730182,"logger":"fallback-logger","caller":"creds-init/main.go:40","msg":"Credentials initialized."}

Showing logs for build [32mfaheemjmi-environment-demoeks-s-thtk2-1[0m stage [32mfrom-build-pack[0m and container [32mstep-working-dir-initializer-d52vx[0m
{"level":"info","ts":1591098649.8196447,"logger":"fallback-logger","caller":"logging/config.go:69","msg":"Fetch GitHub commit ID from kodata failed: open /var/run/ko/HEAD: no such file or directory"}
{"level":"info","ts":1591098649.8205814,"logger":"fallback-logger","caller":"bash/main.go:64","msg":"Successfully executed command \"sh -c mkdir -p /workspace/source\"; output "}

Showing logs for build [32mfaheemjmi-environment-demoeks-s-thtk2-1[0m stage [32mfrom-build-pack[0m and container [32mstep-place-tools[0m

Showing logs for build [32mfaheemjmi-environment-demoeks-s-thtk2-1[0m stage [32mfrom-build-pack[0m and container [32mstep-git-source-faheemjmi-environment-demoeks-s-thtk2-7f4jg[0m
{"level":"info","ts":1591098654.9470327,"logger":"fallback-logger","caller":"logging/config.go:69","msg":"Fetch GitHub commit ID from kodata failed: open /var/run/ko/refs/heads/0.8.0-ns-support: no such file or directory"}
{"level":"info","ts":1591098655.379172,"logger":"fallback-logger","caller":"git/git.go:103","msg":"Successfully cloned https://github.com/*********/environment-demoeks-staging.git @ master in path /workspace/source"}

Showing logs for build [32mfaheemjmi-environment-demoeks-s-thtk2-1[0m stage [32mfrom-build-pack[0m and container [32mstep-git-merge[0m
Using SHAs from PULL_REFS=master:e0a8712fc065e03fce6429c0a0d88e7d571db823,11:eeb736d553f96ed77ff3da229c7200ccfffa9191
DEBUG: LC_ALL=C JX_LOG_LEVEL=error git fetch origin --unshallow eeb736d553f96ed77ff3da229c7200ccfffa9191: e0a8712fc065e03fce6429c0a0d88e7d571db823:
DEBUG: ran git fetch --unshallow origin eeb736d553f96ed77ff3da229c7200ccfffa9191: e0a8712fc065e03fce6429c0a0d88e7d571db823: in 
DEBUG: LC_ALL=C JX_LOG_LEVEL=error git branch
DEBUG: LC_ALL=C JX_LOG_LEVEL=error git checkout master
DEBUG: ran git checkout master in 
DEBUG: LC_ALL=C JX_LOG_LEVEL=error git reset --hard e0a8712fc065e03fce6429c0a0d88e7d571db823
DEBUG: ran git reset --hard e0a8712fc065e03fce6429c0a0d88e7d571db823 in 
DEBUG: JX_LOG_LEVEL=error LC_ALL=C git clean -fd .
DEBUG: ran clean --force -d . in 
DEBUG: LC_ALL=C JX_LOG_LEVEL=error git merge eeb736d553f96ed77ff3da229c7200ccfffa9191
DEBUG: ran git merge eeb736d553f96ed77ff3da229c7200ccfffa9191 in 
DEBUG: LC_ALL=C JX_LOG_LEVEL=error git log --format=%H%x1f%an%x1f%ae%x1f%cn%x1f%ce%x1f%s%n%b%x1e e0a8712fc065e03fce6429c0a0d88e7d571db823..HEAD
Merged SHA eeb736d553f96ed77ff3da229c7200ccfffa9191 with commit message 'chore: Promote devops to version 0.0.1' into base branch master

Showing logs for build [32mfaheemjmi-environment-demoeks-s-thtk2-1[0m stage [32mfrom-build-pack[0m and container [32mstep-build-helm-build[0m
WARNING: No $CHART_REPOSITORY defined so using the default value of: http://jenkins-x-chartmuseum:8080
Adding missing Helm repo: storage.googleapis.com https://storage.googleapis.com/chartmuseum.jenkins-x.io
Successfully added Helm repository storage.googleapis.com.
Adding missing Helm repo: jenkins-x-chartmuseum http://jenkins-x-chartmuseum:8080
Successfully added Helm repository jenkins-x-chartmuseum.
WARNING: No $CHART_REPOSITORY defined so using the default value of: http://jenkins-x-chartmuseum:8080
Adding missing Helm repo: chartmuseum.jenkins-x.io http://chartmuseum.jenkins-x.io
Successfully added Helm repository chartmuseum.jenkins-x.io.
