
Showing logs for build [32mfaheemjmi-environment-demoeks-s-qwcd4-1[0m stage [32mfrom-build-pack[0m and container [32mstep-credential-initializer-v7tkp[0m
{"level":"info","ts":1589959559.2617524,"logger":"fallback-logger","caller":"logging/config.go:69","msg":"Fetch GitHub commit ID from kodata failed: open /var/run/ko/refs/heads/0.8.0-ns-support: no such file or directory"}
{"level":"info","ts":1589959559.2622137,"logger":"fallback-logger","caller":"creds-init/main.go:40","msg":"Credentials initialized."}

Showing logs for build [32mfaheemjmi-environment-demoeks-s-qwcd4-1[0m stage [32mfrom-build-pack[0m and container [32mstep-working-dir-initializer-n8qbt[0m
{"level":"info","ts":1589959560.240124,"logger":"fallback-logger","caller":"logging/config.go:69","msg":"Fetch GitHub commit ID from kodata failed: open /var/run/ko/HEAD: no such file or directory"}
{"level":"info","ts":1589959560.2409015,"logger":"fallback-logger","caller":"bash/main.go:64","msg":"Successfully executed command \"sh -c mkdir -p /workspace/source\"; output "}

Showing logs for build [32mfaheemjmi-environment-demoeks-s-qwcd4-1[0m stage [32mfrom-build-pack[0m and container [32mstep-place-tools[0m

Showing logs for build [32mfaheemjmi-environment-demoeks-s-qwcd4-1[0m stage [32mfrom-build-pack[0m and container [32mstep-git-source-faheemjmi-environment-demoeks-s-qwcd4-mvvlk[0m
{"level":"info","ts":1589959563.2622259,"logger":"fallback-logger","caller":"logging/config.go:69","msg":"Fetch GitHub commit ID from kodata failed: open /var/run/ko/refs/heads/0.8.0-ns-support: no such file or directory"}
{"level":"info","ts":1589959563.6844692,"logger":"fallback-logger","caller":"git/git.go:103","msg":"Successfully cloned https://github.com/*********/environment-demoeks-staging.git @ master in path /workspace/source"}

Showing logs for build [32mfaheemjmi-environment-demoeks-s-qwcd4-1[0m stage [32mfrom-build-pack[0m and container [32mstep-git-merge[0m
Using SHAs from PULL_REFS=master:897ad6434a4b321f0943edfbd3be2f336ae2bb47,1:ee6edd20490377e146e5aef77f2025246c66ffe5
DEBUG: LC_ALL=C JX_LOG_LEVEL=error git fetch origin --unshallow ee6edd20490377e146e5aef77f2025246c66ffe5: 897ad6434a4b321f0943edfbd3be2f336ae2bb47:
DEBUG: ran git fetch --unshallow origin ee6edd20490377e146e5aef77f2025246c66ffe5: 897ad6434a4b321f0943edfbd3be2f336ae2bb47: in 
DEBUG: LC_ALL=C JX_LOG_LEVEL=error git branch
DEBUG: LC_ALL=C JX_LOG_LEVEL=error git checkout master
DEBUG: ran git checkout master in 
DEBUG: JX_LOG_LEVEL=error LC_ALL=C git reset --hard 897ad6434a4b321f0943edfbd3be2f336ae2bb47
DEBUG: ran git reset --hard 897ad6434a4b321f0943edfbd3be2f336ae2bb47 in 
DEBUG: LC_ALL=C JX_LOG_LEVEL=error git clean -fd .
DEBUG: ran clean --force -d . in 
DEBUG: LC_ALL=C JX_LOG_LEVEL=error git merge ee6edd20490377e146e5aef77f2025246c66ffe5
DEBUG: ran git merge ee6edd20490377e146e5aef77f2025246c66ffe5 in 
DEBUG: LC_ALL=C JX_LOG_LEVEL=error git log --format=%H%x1f%an%x1f%ae%x1f%cn%x1f%ce%x1f%s%n%b%x1e 897ad6434a4b321f0943edfbd3be2f336ae2bb47..HEAD
Merged SHA ee6edd20490377e146e5aef77f2025246c66ffe5 with commit message 'chore: Promote **demo to version 0.0.1' into base branch master

Showing logs for build [32mfaheemjmi-environment-demoeks-s-qwcd4-1[0m stage [32mfrom-build-pack[0m and container [32mstep-build-helm-build[0m
WARNING: No $CHART_REPOSITORY defined so using the default value of: http://jenkins-x-chartmuseum:8080
Adding missing Helm repo: storage.googleapis.com https://storage.googleapis.com/chartmuseum.jenkins-x.io
Successfully added Helm repository storage.googleapis.com.
Adding missing Helm repo: jenkins-x-chartmuseum http://jenkins-x-chartmuseum:8080
Successfully added Helm repository jenkins-x-chartmuseum.
WARNING: No $CHART_REPOSITORY defined so using the default value of: http://jenkins-x-chartmuseum:8080
Adding missing Helm repo: chartmuseum.jenkins-x.io http://chartmuseum.jenkins-x.io
Successfully added Helm repository chartmuseum.jenkins-x.io.
