
Showing logs for build [32mfaheemjmi-environment-demoeks-s-8rv64-1[0m stage [32mfrom-build-pack[0m and container [32mstep-credential-initializer-bmm6x[0m
{"level":"info","ts":1590764087.9358797,"logger":"fallback-logger","caller":"logging/config.go:69","msg":"Fetch GitHub commit ID from kodata failed: open /var/run/ko/refs/heads/0.8.0-ns-support: no such file or directory"}
{"level":"info","ts":1590764087.9362562,"logger":"fallback-logger","caller":"creds-init/main.go:40","msg":"Credentials initialized."}

Showing logs for build [32mfaheemjmi-environment-demoeks-s-8rv64-1[0m stage [32mfrom-build-pack[0m and container [32mstep-working-dir-initializer-bzc49[0m
{"level":"info","ts":1590764088.905443,"logger":"fallback-logger","caller":"logging/config.go:69","msg":"Fetch GitHub commit ID from kodata failed: open /var/run/ko/HEAD: no such file or directory"}
{"level":"info","ts":1590764088.9098463,"logger":"fallback-logger","caller":"bash/main.go:64","msg":"Successfully executed command \"sh -c mkdir -p /workspace/source\"; output "}

Showing logs for build [32mfaheemjmi-environment-demoeks-s-8rv64-1[0m stage [32mfrom-build-pack[0m and container [32mstep-place-tools[0m

Showing logs for build [32mfaheemjmi-environment-demoeks-s-8rv64-1[0m stage [32mfrom-build-pack[0m and container [32mstep-git-source-faheemjmi-environment-demoeks-s-8rv64-bd72c[0m
{"level":"info","ts":1590764093.0194206,"logger":"fallback-logger","caller":"logging/config.go:69","msg":"Fetch GitHub commit ID from kodata failed: open /var/run/ko/refs/heads/0.8.0-ns-support: no such file or directory"}
{"level":"info","ts":1590764093.5269809,"logger":"fallback-logger","caller":"git/git.go:103","msg":"Successfully cloned https://github.com/*********/environment-demoeks-staging.git @ master in path /workspace/source"}

Showing logs for build [32mfaheemjmi-environment-demoeks-s-8rv64-1[0m stage [32mfrom-build-pack[0m and container [32mstep-git-merge[0m
Using SHAs from PULL_REFS=master:bf6174d9ad92ecef1a978fdea98751edcd57242f,6:cfc980e463db53cada99608ec142582d65bd6c9d
DEBUG: LC_ALL=C JX_LOG_LEVEL=error git fetch origin --unshallow cfc980e463db53cada99608ec142582d65bd6c9d: bf6174d9ad92ecef1a978fdea98751edcd57242f:
DEBUG: ran git fetch --unshallow origin cfc980e463db53cada99608ec142582d65bd6c9d: bf6174d9ad92ecef1a978fdea98751edcd57242f: in 
DEBUG: LC_ALL=C JX_LOG_LEVEL=error git branch
DEBUG: LC_ALL=C JX_LOG_LEVEL=error git checkout master
DEBUG: ran git checkout master in 
DEBUG: JX_LOG_LEVEL=error LC_ALL=C git reset --hard bf6174d9ad92ecef1a978fdea98751edcd57242f
DEBUG: ran git reset --hard bf6174d9ad92ecef1a978fdea98751edcd57242f in 
DEBUG: LC_ALL=C JX_LOG_LEVEL=error git clean -fd .
DEBUG: ran clean --force -d . in 
DEBUG: LC_ALL=C JX_LOG_LEVEL=error git merge cfc980e463db53cada99608ec142582d65bd6c9d
DEBUG: ran git merge cfc980e463db53cada99608ec142582d65bd6c9d in 
DEBUG: LC_ALL=C JX_LOG_LEVEL=error git log --format=%H%x1f%an%x1f%ae%x1f%cn%x1f%ce%x1f%s%n%b%x1e bf6174d9ad92ecef1a978fdea98751edcd57242f..HEAD
Merged SHA cfc980e463db53cada99608ec142582d65bd6c9d with commit message 'The command `** delete application` was run by root and it generated this Pull Request' into base branch master

Showing logs for build [32mfaheemjmi-environment-demoeks-s-8rv64-1[0m stage [32mfrom-build-pack[0m and container [32mstep-build-helm-build[0m
WARNING: No $CHART_REPOSITORY defined so using the default value of: http://jenkins-x-chartmuseum:8080
Adding missing Helm repo: storage.googleapis.com https://storage.googleapis.com/chartmuseum.jenkins-x.io
Successfully added Helm repository storage.googleapis.com.
Adding missing Helm repo: jenkins-x-chartmuseum http://jenkins-x-chartmuseum:8080
Successfully added Helm repository jenkins-x-chartmuseum.
WARNING: No $CHART_REPOSITORY defined so using the default value of: http://jenkins-x-chartmuseum:8080
Adding missing Helm repo: chartmuseum.jenkins-x.io http://chartmuseum.jenkins-x.io
Successfully added Helm repository chartmuseum.jenkins-x.io.
