
Showing logs for build [32mfaheemjmi-environment-demoeks-s-hcknw-1[0m stage [32mfrom-build-pack[0m and container [32mstep-credential-initializer-bgsq9[0m
{"level":"info","ts":1591096754.6062636,"logger":"fallback-logger","caller":"logging/config.go:69","msg":"Fetch GitHub commit ID from kodata failed: open /var/run/ko/refs/heads/0.8.0-ns-support: no such file or directory"}
{"level":"info","ts":1591096754.606615,"logger":"fallback-logger","caller":"creds-init/main.go:40","msg":"Credentials initialized."}

Showing logs for build [32mfaheemjmi-environment-demoeks-s-hcknw-1[0m stage [32mfrom-build-pack[0m and container [32mstep-working-dir-initializer-n7l4w[0m
{"level":"info","ts":1591096755.7954524,"logger":"fallback-logger","caller":"logging/config.go:69","msg":"Fetch GitHub commit ID from kodata failed: open /var/run/ko/HEAD: no such file or directory"}
{"level":"info","ts":1591096755.796329,"logger":"fallback-logger","caller":"bash/main.go:64","msg":"Successfully executed command \"sh -c mkdir -p /workspace/source\"; output "}

Showing logs for build [32mfaheemjmi-environment-demoeks-s-hcknw-1[0m stage [32mfrom-build-pack[0m and container [32mstep-place-tools[0m

Showing logs for build [32mfaheemjmi-environment-demoeks-s-hcknw-1[0m stage [32mfrom-build-pack[0m and container [32mstep-git-source-faheemjmi-environment-demoeks-s-hcknw-6n92m[0m
{"level":"info","ts":1591096760.8594272,"logger":"fallback-logger","caller":"logging/config.go:69","msg":"Fetch GitHub commit ID from kodata failed: open /var/run/ko/refs/heads/0.8.0-ns-support: no such file or directory"}
{"level":"info","ts":1591096761.305806,"logger":"fallback-logger","caller":"git/git.go:103","msg":"Successfully cloned https://github.com/*********/environment-demoeks-staging.git @ master in path /workspace/source"}

Showing logs for build [32mfaheemjmi-environment-demoeks-s-hcknw-1[0m stage [32mfrom-build-pack[0m and container [32mstep-git-merge[0m
Using SHAs from PULL_REFS=master:2e5c78b7ad4dd54ef37b3e63f883264b8c65c71a,10:a9704d68354217c8bc3d9a04fcdc9095516edf99
DEBUG: LC_ALL=C JX_LOG_LEVEL=error git fetch origin --unshallow a9704d68354217c8bc3d9a04fcdc9095516edf99: 2e5c78b7ad4dd54ef37b3e63f883264b8c65c71a:
DEBUG: ran git fetch --unshallow origin a9704d68354217c8bc3d9a04fcdc9095516edf99: 2e5c78b7ad4dd54ef37b3e63f883264b8c65c71a: in 
DEBUG: LC_ALL=C JX_LOG_LEVEL=error git branch
DEBUG: JX_LOG_LEVEL=error LC_ALL=C git checkout master
DEBUG: ran git checkout master in 
DEBUG: JX_LOG_LEVEL=error LC_ALL=C git reset --hard 2e5c78b7ad4dd54ef37b3e63f883264b8c65c71a
DEBUG: ran git reset --hard 2e5c78b7ad4dd54ef37b3e63f883264b8c65c71a in 
DEBUG: LC_ALL=C JX_LOG_LEVEL=error git clean -fd .
DEBUG: ran clean --force -d . in 
DEBUG: LC_ALL=C JX_LOG_LEVEL=error git merge a9704d68354217c8bc3d9a04fcdc9095516edf99
DEBUG: ran git merge a9704d68354217c8bc3d9a04fcdc9095516edf99 in 
DEBUG: LC_ALL=C JX_LOG_LEVEL=error git log --format=%H%x1f%an%x1f%ae%x1f%cn%x1f%ce%x1f%s%n%b%x1e 2e5c78b7ad4dd54ef37b3e63f883264b8c65c71a..HEAD
Merged SHA a9704d68354217c8bc3d9a04fcdc9095516edf99 with commit message 'The command `** delete application` was run by root and it generated this Pull Request' into base branch master

Showing logs for build [32mfaheemjmi-environment-demoeks-s-hcknw-1[0m stage [32mfrom-build-pack[0m and container [32mstep-build-helm-build[0m
WARNING: No $CHART_REPOSITORY defined so using the default value of: http://jenkins-x-chartmuseum:8080
Adding missing Helm repo: storage.googleapis.com https://storage.googleapis.com/chartmuseum.jenkins-x.io
Successfully added Helm repository storage.googleapis.com.
Adding missing Helm repo: jenkins-x-chartmuseum http://jenkins-x-chartmuseum:8080
Successfully added Helm repository jenkins-x-chartmuseum.
WARNING: No $CHART_REPOSITORY defined so using the default value of: http://jenkins-x-chartmuseum:8080
Adding missing Helm repo: chartmuseum.jenkins-x.io http://chartmuseum.jenkins-x.io
Successfully added Helm repository chartmuseum.jenkins-x.io.
