
Showing logs for build [32mfaheemjmi-environment-demoeks-s-mbwql-1[0m stage [32mfrom-build-pack[0m and container [32mstep-credential-initializer-zfbzm[0m
{"level":"info","ts":1590489087.3199673,"logger":"fallback-logger","caller":"logging/config.go:69","msg":"Fetch GitHub commit ID from kodata failed: open /var/run/ko/refs/heads/0.8.0-ns-support: no such file or directory"}
{"level":"info","ts":1590489087.3203337,"logger":"fallback-logger","caller":"creds-init/main.go:40","msg":"Credentials initialized."}

Showing logs for build [32mfaheemjmi-environment-demoeks-s-mbwql-1[0m stage [32mfrom-build-pack[0m and container [32mstep-working-dir-initializer-lggb8[0m
{"level":"info","ts":1590489088.6724524,"logger":"fallback-logger","caller":"logging/config.go:69","msg":"Fetch GitHub commit ID from kodata failed: open /var/run/ko/HEAD: no such file or directory"}
{"level":"info","ts":1590489088.6733518,"logger":"fallback-logger","caller":"bash/main.go:64","msg":"Successfully executed command \"sh -c mkdir -p /workspace/source\"; output "}

Showing logs for build [32mfaheemjmi-environment-demoeks-s-mbwql-1[0m stage [32mfrom-build-pack[0m and container [32mstep-place-tools[0m

Showing logs for build [32mfaheemjmi-environment-demoeks-s-mbwql-1[0m stage [32mfrom-build-pack[0m and container [32mstep-git-source-faheemjmi-environment-demoeks-s-mbwql-gkrtd[0m
{"level":"info","ts":1590489092.8810754,"logger":"fallback-logger","caller":"logging/config.go:69","msg":"Fetch GitHub commit ID from kodata failed: open /var/run/ko/refs/heads/0.8.0-ns-support: no such file or directory"}
{"level":"info","ts":1590489093.3303602,"logger":"fallback-logger","caller":"git/git.go:103","msg":"Successfully cloned https://github.com/*********/environment-demoeks-staging.git @ master in path /workspace/source"}

Showing logs for build [32mfaheemjmi-environment-demoeks-s-mbwql-1[0m stage [32mfrom-build-pack[0m and container [32mstep-git-merge[0m
Using SHAs from PULL_REFS=master:fa50bf8635e2c09380911a9631f003bc3e646719,4:2f7550cf0ea51cb566691424735f0cab82f73277
DEBUG: LC_ALL=C JX_LOG_LEVEL=error git fetch origin --unshallow 2f7550cf0ea51cb566691424735f0cab82f73277: fa50bf8635e2c09380911a9631f003bc3e646719:
DEBUG: ran git fetch --unshallow origin 2f7550cf0ea51cb566691424735f0cab82f73277: fa50bf8635e2c09380911a9631f003bc3e646719: in 
DEBUG: LC_ALL=C JX_LOG_LEVEL=error git branch
DEBUG: LC_ALL=C JX_LOG_LEVEL=error git checkout master
DEBUG: ran git checkout master in 
DEBUG: LC_ALL=C JX_LOG_LEVEL=error git reset --hard fa50bf8635e2c09380911a9631f003bc3e646719
DEBUG: ran git reset --hard fa50bf8635e2c09380911a9631f003bc3e646719 in 
DEBUG: LC_ALL=C JX_LOG_LEVEL=error git clean -fd .
DEBUG: ran clean --force -d . in 
DEBUG: LC_ALL=C JX_LOG_LEVEL=error git merge 2f7550cf0ea51cb566691424735f0cab82f73277
DEBUG: ran git merge 2f7550cf0ea51cb566691424735f0cab82f73277 in 
DEBUG: LC_ALL=C JX_LOG_LEVEL=error git log --format=%H%x1f%an%x1f%ae%x1f%cn%x1f%ce%x1f%s%n%b%x1e fa50bf8635e2c09380911a9631f003bc3e646719..HEAD
Merged SHA 2f7550cf0ea51cb566691424735f0cab82f73277 with commit message 'chore: Promote **demo to version 0.0.3' into base branch master

Showing logs for build [32mfaheemjmi-environment-demoeks-s-mbwql-1[0m stage [32mfrom-build-pack[0m and container [32mstep-build-helm-build[0m
WARNING: No $CHART_REPOSITORY defined so using the default value of: http://jenkins-x-chartmuseum:8080
Adding missing Helm repo: storage.googleapis.com https://storage.googleapis.com/chartmuseum.jenkins-x.io
Successfully added Helm repository storage.googleapis.com.
Adding missing Helm repo: jenkins-x-chartmuseum http://jenkins-x-chartmuseum:8080
Successfully added Helm repository jenkins-x-chartmuseum.
WARNING: No $CHART_REPOSITORY defined so using the default value of: http://jenkins-x-chartmuseum:8080
Adding missing Helm repo: chartmuseum.jenkins-x.io http://chartmuseum.jenkins-x.io
Successfully added Helm repository chartmuseum.jenkins-x.io.
