
Showing logs for build [32mfaheemjmi-environment-demoeks-s-nhdfm-1[0m stage [32mfrom-build-pack[0m and container [32mstep-credential-initializer-7d8p4[0m
{"level":"info","ts":1589960990.3681042,"logger":"fallback-logger","caller":"logging/config.go:69","msg":"Fetch GitHub commit ID from kodata failed: open /var/run/ko/refs/heads/0.8.0-ns-support: no such file or directory"}
{"level":"info","ts":1589960990.368456,"logger":"fallback-logger","caller":"creds-init/main.go:40","msg":"Credentials initialized."}

Showing logs for build [32mfaheemjmi-environment-demoeks-s-nhdfm-1[0m stage [32mfrom-build-pack[0m and container [32mstep-working-dir-initializer-pzmb7[0m
{"level":"info","ts":1589960991.727482,"logger":"fallback-logger","caller":"logging/config.go:69","msg":"Fetch GitHub commit ID from kodata failed: open /var/run/ko/HEAD: no such file or directory"}
{"level":"info","ts":1589960991.7283297,"logger":"fallback-logger","caller":"bash/main.go:64","msg":"Successfully executed command \"sh -c mkdir -p /workspace/source\"; output "}

Showing logs for build [32mfaheemjmi-environment-demoeks-s-nhdfm-1[0m stage [32mfrom-build-pack[0m and container [32mstep-place-tools[0m

Showing logs for build [32mfaheemjmi-environment-demoeks-s-nhdfm-1[0m stage [32mfrom-build-pack[0m and container [32mstep-git-source-faheemjmi-environment-demoeks-s-nhdfm-n5p6g[0m
{"level":"info","ts":1589960996.8992975,"logger":"fallback-logger","caller":"logging/config.go:69","msg":"Fetch GitHub commit ID from kodata failed: open /var/run/ko/refs/heads/0.8.0-ns-support: no such file or directory"}
{"level":"info","ts":1589960997.3637927,"logger":"fallback-logger","caller":"git/git.go:103","msg":"Successfully cloned https://github.com/*********/environment-demoeks-staging.git @ master in path /workspace/source"}

Showing logs for build [32mfaheemjmi-environment-demoeks-s-nhdfm-1[0m stage [32mfrom-build-pack[0m and container [32mstep-git-merge[0m
Using SHAs from PULL_REFS=master:64823cb3132608a90974faad0ff10eb460035754,3:eb1cc364ddedc12c3c3698ff9a957afcbec799a5
DEBUG: LC_ALL=C JX_LOG_LEVEL=error git fetch origin --unshallow eb1cc364ddedc12c3c3698ff9a957afcbec799a5: 64823cb3132608a90974faad0ff10eb460035754:
DEBUG: ran git fetch --unshallow origin eb1cc364ddedc12c3c3698ff9a957afcbec799a5: 64823cb3132608a90974faad0ff10eb460035754: in 
DEBUG: LC_ALL=C JX_LOG_LEVEL=error git branch
DEBUG: JX_LOG_LEVEL=error LC_ALL=C git checkout master
DEBUG: ran git checkout master in 
DEBUG: LC_ALL=C JX_LOG_LEVEL=error git reset --hard 64823cb3132608a90974faad0ff10eb460035754
DEBUG: ran git reset --hard 64823cb3132608a90974faad0ff10eb460035754 in 
DEBUG: JX_LOG_LEVEL=error LC_ALL=C git clean -fd .
DEBUG: ran clean --force -d . in 
DEBUG: LC_ALL=C JX_LOG_LEVEL=error git merge eb1cc364ddedc12c3c3698ff9a957afcbec799a5
DEBUG: ran git merge eb1cc364ddedc12c3c3698ff9a957afcbec799a5 in 
DEBUG: LC_ALL=C JX_LOG_LEVEL=error git log --format=%H%x1f%an%x1f%ae%x1f%cn%x1f%ce%x1f%s%n%b%x1e 64823cb3132608a90974faad0ff10eb460035754..HEAD
Merged SHA eb1cc364ddedc12c3c3698ff9a957afcbec799a5 with commit message 'chore: Promote react to version 0.0.1' into base branch master

Showing logs for build [32mfaheemjmi-environment-demoeks-s-nhdfm-1[0m stage [32mfrom-build-pack[0m and container [32mstep-build-helm-build[0m
WARNING: No $CHART_REPOSITORY defined so using the default value of: http://jenkins-x-chartmuseum:8080
Adding missing Helm repo: storage.googleapis.com https://storage.googleapis.com/chartmuseum.jenkins-x.io
Successfully added Helm repository storage.googleapis.com.
Adding missing Helm repo: jenkins-x-chartmuseum http://jenkins-x-chartmuseum:8080
Successfully added Helm repository jenkins-x-chartmuseum.
WARNING: No $CHART_REPOSITORY defined so using the default value of: http://jenkins-x-chartmuseum:8080
Adding missing Helm repo: chartmuseum.jenkins-x.io http://chartmuseum.jenkins-x.io
Successfully added Helm repository chartmuseum.jenkins-x.io.
